2021-08-07 03:13:39.202  INFO 17880 --- [main] com.soma.ishadow.IshadowDevApplication   : Starting IshadowDevApplication using Java 11 on DESKTOP-KGU36PC with PID 17880 (C:\Users\ast31\OneDrive\바탕 화면\Spring boot\ishadow_dev\build\classes\java\main started by ast31 in C:\Users\ast31\OneDrive\바탕 화면\Spring boot\ishadow_dev)
2021-08-07 03:13:39.218  INFO 17880 --- [main] com.soma.ishadow.IshadowDevApplication   : The following profiles are active: credential,local
2021-08-07 03:13:40.238  WARN 17880 --- [main] com.amazonaws.util.EC2MetadataUtils      : Unable to retrieve the requested metadata (/latest/meta-data/instance-id). EC2 Instance Metadata Service is disabled

com.amazonaws.AmazonClientException: EC2 Instance Metadata Service is disabled
	at com.amazonaws.internal.InstanceMetadataServiceResourceFetcher.readResource(InstanceMetadataServiceResourceFetcher.java:65) ~[aws-java-sdk-core-1.11.967.jar:na]
	at com.amazonaws.internal.EC2ResourceFetcher.readResource(EC2ResourceFetcher.java:66) ~[aws-java-sdk-core-1.11.967.jar:na]
	at com.amazonaws.util.EC2MetadataUtils.getItems(EC2MetadataUtils.java:403) ~[aws-java-sdk-core-1.11.967.jar:na]
	at com.amazonaws.util.EC2MetadataUtils.getData(EC2MetadataUtils.java:372) ~[aws-java-sdk-core-1.11.967.jar:na]
	at org.springframework.cloud.aws.context.support.env.AwsCloudEnvironmentCheckUtils.isRunningOnCloudEnvironment(AwsCloudEnvironmentCheckUtils.java:38) ~[spring-cloud-aws-context-2.2.1.RELEASE.jar:2.2.1.RELEASE]
	at org.springframework.cloud.aws.context.annotation.OnAwsCloudEnvironmentCondition.matches(OnAwsCloudEnvironmentCondition.java:37) ~[spring-cloud-aws-context-2.2.1.RELEASE.jar:2.2.1.RELEASE]
	at org.springframework.context.annotation.ConditionEvaluator.shouldSkip(ConditionEvaluator.java:108) ~[spring-context-5.3.9.jar:5.3.9]
	at org.springframework.context.annotation.ConfigurationClassParser.processConfigurationClass(ConfigurationClassParser.java:226) ~[spring-context-5.3.9.jar:5.3.9]
	at org.springframework.context.annotation.ConfigurationClassParser.processImports(ConfigurationClassParser.java:600) ~[spring-context-5.3.9.jar:5.3.9]
	at org.springframework.context.annotation.ConfigurationClassParser.access$800(ConfigurationClassParser.java:111) ~[spring-context-5.3.9.jar:5.3.9]
	at org.springframework.context.annotation.ConfigurationClassParser$DeferredImportSelectorGroupingHandler.lambda$processGroupImports$1(ConfigurationClassParser.java:812) ~[spring-context-5.3.9.jar:5.3.9]
	at java.base/java.util.ArrayList.forEach(ArrayList.java:1540) ~[na:na]
	at org.springframework.context.annotation.ConfigurationClassParser$DeferredImportSelectorGroupingHandler.processGroupImports(ConfigurationClassParser.java:809) ~[spring-context-5.3.9.jar:5.3.9]
	at org.springframework.context.annotation.ConfigurationClassParser$DeferredImportSelectorHandler.process(ConfigurationClassParser.java:780) ~[spring-context-5.3.9.jar:5.3.9]
	at org.springframework.context.annotation.ConfigurationClassParser.parse(ConfigurationClassParser.java:193) ~[spring-context-5.3.9.jar:5.3.9]
	at org.springframework.context.annotation.ConfigurationClassPostProcessor.processConfigBeanDefinitions(ConfigurationClassPostProcessor.java:331) ~[spring-context-5.3.9.jar:5.3.9]
	at org.springframework.context.annotation.ConfigurationClassPostProcessor.postProcessBeanDefinitionRegistry(ConfigurationClassPostProcessor.java:247) ~[spring-context-5.3.9.jar:5.3.9]
	at org.springframework.context.support.PostProcessorRegistrationDelegate.invokeBeanDefinitionRegistryPostProcessors(PostProcessorRegistrationDelegate.java:311) ~[spring-context-5.3.9.jar:5.3.9]
	at org.springframework.context.support.PostProcessorRegistrationDelegate.invokeBeanFactoryPostProcessors(PostProcessorRegistrationDelegate.java:112) ~[spring-context-5.3.9.jar:5.3.9]
	at org.springframework.context.support.AbstractApplicationContext.invokeBeanFactoryPostProcessors(AbstractApplicationContext.java:746) ~[spring-context-5.3.9.jar:5.3.9]
	at org.springframework.context.support.AbstractApplicationContext.refresh(AbstractApplicationContext.java:564) ~[spring-context-5.3.9.jar:5.3.9]
	at org.springframework.boot.web.servlet.context.ServletWebServerApplicationContext.refresh(ServletWebServerApplicationContext.java:145) ~[spring-boot-2.5.3.jar:2.5.3]
	at org.springframework.boot.SpringApplication.refresh(SpringApplication.java:754) ~[spring-boot-2.5.3.jar:2.5.3]
	at org.springframework.boot.SpringApplication.refreshContext(SpringApplication.java:434) ~[spring-boot-2.5.3.jar:2.5.3]
	at org.springframework.boot.SpringApplication.run(SpringApplication.java:338) ~[spring-boot-2.5.3.jar:2.5.3]
	at org.springframework.boot.SpringApplication.run(SpringApplication.java:1343) ~[spring-boot-2.5.3.jar:2.5.3]
	at org.springframework.boot.SpringApplication.run(SpringApplication.java:1332) ~[spring-boot-2.5.3.jar:2.5.3]
	at com.soma.ishadow.IshadowDevApplication.main(IshadowDevApplication.java:10) ~[main/:na]

2021-08-07 03:13:40.580  INFO 17880 --- [main] .s.d.r.c.RepositoryConfigurationDelegate : Bootstrapping Spring Data JPA repositories in DEFAULT mode.
2021-08-07 03:13:40.671  INFO 17880 --- [main] .s.d.r.c.RepositoryConfigurationDelegate : Finished Spring Data repository scanning in 71 ms. Found 2 JPA repository interfaces.
2021-08-07 03:13:41.173  INFO 17880 --- [main] o.s.b.w.embedded.tomcat.TomcatWebServer  : Tomcat initialized with port(s): 9000 (http)
2021-08-07 03:13:41.188  INFO 17880 --- [main] o.apache.catalina.core.StandardService   : Starting service [Tomcat]
2021-08-07 03:13:41.188  INFO 17880 --- [main] org.apache.catalina.core.StandardEngine  : Starting Servlet engine: [Apache Tomcat/9.0.50]
2021-08-07 03:13:41.282  INFO 17880 --- [main] o.a.c.c.C.[Tomcat].[localhost].[/]       : Initializing Spring embedded WebApplicationContext
2021-08-07 03:13:41.282  INFO 17880 --- [main] w.s.c.ServletWebServerApplicationContext : Root WebApplicationContext: initialization completed in 1949 ms
2021-08-07 03:13:41.361  INFO 17880 --- [main] com.zaxxer.hikari.HikariDataSource       : H2_DB - Starting...
2021-08-07 03:13:41.466  INFO 17880 --- [main] com.zaxxer.hikari.HikariDataSource       : H2_DB - Start completed.
2021-08-07 03:13:41.466  INFO 17880 --- [main] o.s.b.a.h2.H2ConsoleAutoConfiguration    : H2 console available at '/api/h2-console'. Database available at 'jdbc:h2:mem:testdb'
2021-08-07 03:13:41.623  INFO 17880 --- [main] o.hibernate.jpa.internal.util.LogHelper  : HHH000204: Processing PersistenceUnitInfo [name: default]
2021-08-07 03:13:41.654  INFO 17880 --- [main] org.hibernate.Version                    : HHH000412: Hibernate ORM core version 5.4.32.Final
2021-08-07 03:13:41.779  INFO 17880 --- [main] o.hibernate.annotations.common.Version   : HCANN000001: Hibernate Commons Annotations {5.1.2.Final}
2021-08-07 03:13:41.858  INFO 17880 --- [main] org.hibernate.dialect.Dialect            : HHH000400: Using dialect: org.hibernate.dialect.H2Dialect
2021-08-07 03:13:42.381  INFO 17880 --- [main] o.h.e.t.j.p.i.JtaPlatformInitiator       : HHH000490: Using JtaPlatform implementation: [org.hibernate.engine.transaction.jta.platform.internal.NoJtaPlatform]
2021-08-07 03:13:42.398  INFO 17880 --- [main] j.LocalContainerEntityManagerFactoryBean : Initialized JPA EntityManagerFactory for persistence unit 'default'
2021-08-07 03:13:42.461  WARN 17880 --- [main] JpaBaseConfiguration$JpaWebConfiguration : spring.jpa.open-in-view is enabled by default. Therefore, database queries may be performed during view rendering. Explicitly configure spring.jpa.open-in-view to disable this warning
2021-08-07 03:13:43.320  INFO 17880 --- [main] o.s.b.a.e.web.EndpointLinksResolver      : Exposing 1 endpoint(s) beneath base path '/actuator'
2021-08-07 03:13:43.367  INFO 17880 --- [main] pertySourcedRequestMappingHandlerMapping : Mapped URL path [/v2/api-docs] onto method [springfox.documentation.swagger2.web.Swagger2Controller#getDocumentation(String, HttpServletRequest)]
2021-08-07 03:13:43.414  INFO 17880 --- [main] .s.s.UserDetailsServiceAutoConfiguration : 

Using generated security password: f07138c6-2df1-45e9-ad38-bd7259c32f1b

2021-08-07 03:13:43.476  INFO 17880 --- [main] o.s.s.web.DefaultSecurityFilterChain     : Will secure any request with [org.springframework.security.web.context.request.async.WebAsyncManagerIntegrationFilter@48971262, org.springframework.security.web.context.SecurityContextPersistenceFilter@200cbb63, org.springframework.security.web.header.HeaderWriterFilter@21d30ba5, org.springframework.security.web.authentication.logout.LogoutFilter@6c4f48e2, org.springframework.security.web.savedrequest.RequestCacheAwareFilter@7a7698f4, org.springframework.security.web.servletapi.SecurityContextHolderAwareRequestFilter@24df4805, org.springframework.security.web.authentication.AnonymousAuthenticationFilter@19d043a8, org.springframework.security.web.session.SessionManagementFilter@5295779, org.springframework.security.web.access.ExceptionTranslationFilter@1007954a, org.springframework.security.web.access.intercept.FilterSecurityInterceptor@5ce9c9e8]
2021-08-07 03:13:43.907  INFO 17880 --- [main] o.s.b.w.embedded.tomcat.TomcatWebServer  : Tomcat started on port(s): 9000 (http) with context path ''
2021-08-07 03:13:43.907  INFO 17880 --- [main] d.s.w.p.DocumentationPluginsBootstrapper : Context refreshed
2021-08-07 03:13:43.923  INFO 17880 --- [main] d.s.w.p.DocumentationPluginsBootstrapper : Found 1 custom documentation plugin(s)
2021-08-07 03:13:43.939  INFO 17880 --- [main] s.d.s.w.s.ApiListingReferenceScanner     : Scanning for api listing references
2021-08-07 03:13:44.126  INFO 17880 --- [main] com.soma.ishadow.IshadowDevApplication   : Started IshadowDevApplication in 5.621 seconds (JVM running for 6.603)
2021-08-07 03:13:44.713  INFO 17880 --- [RMI TCP Connection(2)-192.168.0.13] o.a.c.c.C.[Tomcat].[localhost].[/]       : Initializing Spring DispatcherServlet 'dispatcherServlet'
2021-08-07 03:13:44.713  INFO 17880 --- [RMI TCP Connection(2)-192.168.0.13] o.s.web.servlet.DispatcherServlet        : Initializing Servlet 'dispatcherServlet'
2021-08-07 03:13:44.713  INFO 17880 --- [RMI TCP Connection(2)-192.168.0.13] o.s.web.servlet.DispatcherServlet        : Completed initialization in 0 ms
2021-08-07 03:14:38.402  INFO 17880 --- [http-nio-9000-exec-9] com.soma.ishadow.services.UserService    : 새로운 user 등록 성공
2021-08-07 03:14:57.232  INFO 17880 --- [http-nio-9000-exec-4] com.soma.ishadow.utils.S3Util            : 1: 소음, 대화&음악, 대화&겹치는 음성.mp4
2021-08-07 03:16:34.144  INFO 17880 --- [http-nio-9000-exec-4] com.soma.ishadow.utils.S3Util            : 파일이 삭제되었습니다.
